# JRE version: OpenJDK Runtime Environment (8.0_202-b03) (build 1.8.0_202-release-1483-b03)
# Java VM: OpenJDK 64-Bit Server VM (25.202-b03 mixed mode windows-amd64 compressed oops)
Heap:
 PSYoungGen      total 452608K, used 180109K [0x00000000e0000000, 0x0000000100000000, 0x0000000100000000)
  eden space 413184K, 42% used [0x00000000e0000000,0x00000000ea978ec8,0x00000000f9380000)
  from space 39424K, 16% used [0x00000000f9380000,0x00000000f99ea570,0x00000000fba00000)
  to   space 38912K, 0% used [0x00000000fda00000,0x00000000fda00000,0x0000000100000000)
 ParOldGen       total 365056K, used 75120K [0x00000000a0000000, 0x00000000b6480000, 0x00000000e0000000)
  object space 365056K, 20% used [0x00000000a0000000,0x00000000a495c308,0x00000000b6480000)
 Metaspace       used 95397K, capacity 99520K, committed 100864K, reserved 1136640K
  class space    used 12225K, capacity 12978K, committed 13312K, reserved 1048576K
GC Heap History (10 events):
Event: 2137.560 GC heap before
{Heap before GC invocations=29 (full 3):
 PSYoungGen      total 340992K, used 79948K [0x00000000e0000000, 0x00000000fa300000, 0x0000000100000000)
  eden space 299008K, 21% used [0x00000000e0000000,0x00000000e3fb7938,0x00000000f2400000)
  from space 41984K, 35% used [0x00000000f2400000,0x00000000f325b6c8,0x00000000f4d00000)
  to   space 40960K, 0% used [0x00000000f7b00000,0x00000000f7b00000,0x00000000fa300000)
 ParOldGen       total 281088K, used 86596K [0x00000000a0000000, 0x00000000b1280000, 0x00000000e0000000)
  object space 281088K, 30% used [0x00000000a0000000,0x00000000a54910d8,0x00000000b1280000)
 Metaspace       used 93653K, capacity 98472K, committed 98496K, reserved 1134592K
  class space    used 12134K, capacity 13035K, committed 13056K, reserved 1048576K
Event: 2137.575 GC heap after
Heap after GC invocations=29 (full 3):
 PSYoungGen      total 389632K, used 15465K [0x00000000e0000000, 0x00000000fa880000, 0x0000000100000000)
  eden space 348672K, 0% used [0x00000000e0000000,0x00000000e0000000,0x00000000f5480000)
  from space 40960K, 37% used [0x00000000f7b00000,0x00000000f8a1a580,0x00000000fa300000)
  to   space 39424K, 0% used [0x00000000f5480000,0x00000000f5480000,0x00000000f7b00000)
 ParOldGen       total 281088K, used 87468K [0x00000000a0000000, 0x00000000b1280000, 0x00000000e0000000)
  object space 281088K, 31% used [0x00000000a0000000,0x00000000a556b0f8,0x00000000b1280000)
 Metaspace       used 93653K, capacity 98472K, committed 98496K, reserved 1134592K
  class space    used 12134K, capacity 13035K, committed 13056K, reserved 1048576K
}
Event: 2137.575 GC heap before
{Heap before GC invocations=30 (full 4):
 PSYoungGen      total 389632K, used 15465K [0x00000000e0000000, 0x00000000fa880000, 0x0000000100000000)
  eden space 348672K, 0% used [0x00000000e0000000,0x00000000e0000000,0x00000000f5480000)
  from space 40960K, 37% used [0x00000000f7b00000,0x00000000f8a1a580,0x00000000fa300000)
  to   space 39424K, 0% used [0x00000000f5480000,0x00000000f5480000,0x00000000f7b00000)
 ParOldGen       total 281088K, used 87468K [0x00000000a0000000, 0x00000000b1280000, 0x00000000e0000000)
  object space 281088K, 31% used [0x00000000a0000000,0x00000000a556b0f8,0x00000000b1280000)
 Metaspace       used 93653K, capacity 98472K, committed 98496K, reserved 1134592K
  class space    used 12134K, capacity 13035K, committed 13056K, reserved 1048576K
Event: 2137.914 GC heap after
Heap after GC invocations=30 (full 4):
 PSYoungGen      total 389632K, used 0K [0x00000000e0000000, 0x00000000fa880000, 0x0000000100000000)
  eden space 348672K, 0% used [0x00000000e0000000,0x00000000e0000000,0x00000000f5480000)
  from space 40960K, 0% used [0x00000000f7b00000,0x00000000f7b00000,0x00000000fa300000)
  to   space 39424K, 0% used [0x00000000f5480000,0x00000000f5480000,0x00000000f7b00000)
 ParOldGen       total 365056K, used 63812K [0x00000000a0000000, 0x00000000b6480000, 0x00000000e0000000)
  object space 365056K, 17% used [0x00000000a0000000,0x00000000a3e51228,0x00000000b6480000)
 Metaspace       used 92526K, capacity 96068K, committed 98496K, reserved 1134592K
  class space    used 11865K, capacity 12556K, committed 13056K, reserved 1048576K
}
Event: 2138.682 GC heap before
{Heap before GC invocations=31 (full 4):
 PSYoungGen      total 389632K, used 348672K [0x00000000e0000000, 0x00000000fa880000, 0x0000000100000000)
  eden space 348672K, 100% used [0x00000000e0000000,0x00000000f5480000,0x00000000f5480000)
  from space 40960K, 0% used [0x00000000f7b00000,0x00000000f7b00000,0x00000000fa300000)
  to   space 39424K, 0% used [0x00000000f5480000,0x00000000f5480000,0x00000000f7b00000)
 ParOldGen       total 365056K, used 63812K [0x00000000a0000000, 0x00000000b6480000, 0x00000000e0000000)
  object space 365056K, 17% used [0x00000000a0000000,0x00000000a3e51228,0x00000000b6480000)
 Metaspace       used 92740K, capacity 96348K, committed 98752K, reserved 1134592K
  class space    used 11897K, capacity 12576K, committed 13056K, reserved 1048576K
Event: 2138.703 GC heap after
Heap after GC invocations=31 (full 4):
 PSYoungGen      total 388096K, used 7121K [0x00000000e0000000, 0x00000000fe480000, 0x0000000100000000)
  eden space 348672K, 0% used [0x00000000e0000000,0x00000000e0000000,0x00000000f5480000)
  from space 39424K, 18% used [0x00000000f5480000,0x00000000f5b74770,0x00000000f7b00000)
  to   space 39424K, 0% used [0x00000000fbe00000,0x00000000fbe00000,0x00000000fe480000)
 ParOldGen       total 365056K, used 63820K [0x00000000a0000000, 0x00000000b6480000, 0x00000000e0000000)
  object space 365056K, 17% used [0x00000000a0000000,0x00000000a3e53228,0x00000000b6480000)
 Metaspace       used 92740K, capacity 96348K, committed 98752K, reserved 1134592K
  class space    used 11897K, capacity 12576K, committed 13056K, reserved 1048576K
}
Event: 2139.910 GC heap before
{Heap before GC invocations=32 (full 4):
 PSYoungGen      total 388096K, used 355793K [0x00000000e0000000, 0x00000000fe480000, 0x0000000100000000)
  eden space 348672K, 100% used [0x00000000e0000000,0x00000000f5480000,0x00000000f5480000)
  from space 39424K, 18% used [0x00000000f5480000,0x00000000f5b74770,0x00000000f7b00000)
  to   space 39424K, 0% used [0x00000000fbe00000,0x00000000fbe00000,0x00000000fe480000)
 ParOldGen       total 365056K, used 63820K [0x00000000a0000000, 0x00000000b6480000, 0x00000000e0000000)
  object space 365056K, 17% used [0x00000000a0000000,0x00000000a3e53228,0x00000000b6480000)
 Metaspace       used 92873K, capacity 96440K, committed 98752K, reserved 1134592K
  class space    used 11907K, capacity 12580K, committed 13056K, reserved 1048576K
Event: 2139.934 GC heap after
Heap after GC invocations=32 (full 4):
 PSYoungGen      total 448512K, used 6464K [0x00000000e0000000, 0x00000000fe080000, 0x0000000100000000)
  eden space 413184K, 0% used [0x00000000e0000000,0x00000000e0000000,0x00000000f9380000)
  from space 35328K, 18% used [0x00000000fbe00000,0x00000000fc450010,0x00000000fe080000)
  to   space 39424K, 0% used [0x00000000f9380000,0x00000000f9380000,0x00000000fba00000)
 ParOldGen       total 365056K, used 69496K [0x00000000a0000000, 0x00000000b6480000, 0x00000000e0000000)
  object space 365056K, 19% used [0x00000000a0000000,0x00000000a43de2d8,0x00000000b6480000)
 Metaspace       used 92873K, capacity 96440K, committed 98752K, reserved 1134592K
  class space    used 11907K, capacity 12580K, committed 13056K, reserved 1048576K
}
Event: 2143.013 GC heap before
{Heap before GC invocations=33 (full 4):
 PSYoungGen      total 448512K, used 419648K [0x00000000e0000000, 0x00000000fe080000, 0x0000000100000000)
  eden space 413184K, 100% used [0x00000000e0000000,0x00000000f9380000,0x00000000f9380000)
  from space 35328K, 18% used [0x00000000fbe00000,0x00000000fc450010,0x00000000fe080000)
  to   space 39424K, 0% used [0x00000000f9380000,0x00000000f9380000,0x00000000fba00000)
 ParOldGen       total 365056K, used 69496K [0x00000000a0000000, 0x00000000b6480000, 0x00000000e0000000)
  object space 365056K, 19% used [0x00000000a0000000,0x00000000a43de2d8,0x00000000b6480000)
 Metaspace       used 94366K, capacity 98048K, committed 100096K, reserved 1136640K
  class space    used 12118K, capacity 12842K, committed 13312K, reserved 1048576K
Event: 2143.029 GC heap after
Heap after GC invocations=33 (full 4):
 PSYoungGen      total 452608K, used 6569K [0x00000000e0000000, 0x0000000100000000, 0x0000000100000000)
  eden space 413184K, 0% used [0x00000000e0000000,0x00000000e0000000,0x00000000f9380000)
  from space 39424K, 16% used [0x00000000f9380000,0x00000000f99ea570,0x00000000fba00000)
  to   space 38912K, 0% used [0x00000000fda00000,0x00000000fda00000,0x0000000100000000)
 ParOldGen       total 365056K, used 75120K [0x00000000a0000000, 0x00000000b6480000, 0x00000000e0000000)
  object space 365056K, 20% used [0x00000000a0000000,0x00000000a495c308,0x00000000b6480000)
 Metaspace       used 94366K, capacity 98048K, committed 100096K, reserved 1136640K
  class space    used 12118K, capacity 12842K, committed 13312K, reserved 1048576K
}

