# JRE version: OpenJDK Runtime Environment (8.0_202-b03) (build 1.8.0_202-release-1483-b03)
# Java VM: OpenJDK 64-Bit Server VM (25.202-b03 mixed mode windows-amd64 compressed oops)
Heap:
 PSYoungGen      total 145408K, used 16740K [0x00000000e0000000, 0x00000000ebf00000, 0x0000000100000000)
  eden space 128000K, 0% used [0x00000000e0000000,0x00000000e0000000,0x00000000e7d00000)
  from space 17408K, 96% used [0x00000000e7d00000,0x00000000e8d59300,0x00000000e8e00000)
  to   space 19456K, 0% used [0x00000000eac00000,0x00000000eac00000,0x00000000ebf00000)
 ParOldGen       total 190464K, used 21005K [0x00000000a0000000, 0x00000000aba00000, 0x00000000e0000000)
  object space 190464K, 11% used [0x00000000a0000000,0x00000000a1483690,0x00000000aba00000)
 Metaspace       used 57441K, capacity 59110K, committed 59160K, reserved 1099776K
  class space    used 7806K, capacity 8196K, committed 8232K, reserved 1048576K
GC Heap History (10 events):
Event: 5.285 GC heap after
Heap after GC invocations=7 (full 1):
 PSYoungGen      total 114176K, used 9961K [0x00000000e0000000, 0x00000000e7c00000, 0x0000000100000000)
  eden space 100864K, 0% used [0x00000000e0000000,0x00000000e0000000,0x00000000e6280000)
  from space 13312K, 74% used [0x00000000e6f00000,0x00000000e78ba4d0,0x00000000e7c00000)
  to   space 12800K, 0% used [0x00000000e6280000,0x00000000e6280000,0x00000000e6f00000)
 ParOldGen       total 114688K, used 11765K [0x00000000a0000000, 0x00000000a7000000, 0x00000000e0000000)
  object space 114688K, 10% used [0x00000000a0000000,0x00000000a0b7d650,0x00000000a7000000)
 Metaspace       used 34680K, capacity 35444K, committed 35496K, reserved 1079296K
  class space    used 4785K, capacity 5001K, committed 5032K, reserved 1048576K
}
Event: 5.285 GC heap before
{Heap before GC invocations=8 (full 2):
 PSYoungGen      total 114176K, used 9961K [0x00000000e0000000, 0x00000000e7c00000, 0x0000000100000000)
  eden space 100864K, 0% used [0x00000000e0000000,0x00000000e0000000,0x00000000e6280000)
  from space 13312K, 74% used [0x00000000e6f00000,0x00000000e78ba4d0,0x00000000e7c00000)
  to   space 12800K, 0% used [0x00000000e6280000,0x00000000e6280000,0x00000000e6f00000)
 ParOldGen       total 114688K, used 11765K [0x00000000a0000000, 0x00000000a7000000, 0x00000000e0000000)
  object space 114688K, 10% used [0x00000000a0000000,0x00000000a0b7d650,0x00000000a7000000)
 Metaspace       used 34680K, capacity 35444K, committed 35496K, reserved 1079296K
  class space    used 4785K, capacity 5001K, committed 5032K, reserved 1048576K
Event: 5.359 GC heap after
Heap after GC invocations=8 (full 2):
 PSYoungGen      total 114176K, used 0K [0x00000000e0000000, 0x00000000e7c00000, 0x0000000100000000)
  eden space 100864K, 0% used [0x00000000e0000000,0x00000000e0000000,0x00000000e6280000)
  from space 13312K, 0% used [0x00000000e6f00000,0x00000000e6f00000,0x00000000e7c00000)
  to   space 12800K, 0% used [0x00000000e6280000,0x00000000e6280000,0x00000000e6f00000)
 ParOldGen       total 190464K, used 17049K [0x00000000a0000000, 0x00000000aba00000, 0x00000000e0000000)
  object space 190464K, 8% used [0x00000000a0000000,0x00000000a10a6490,0x00000000aba00000)
 Metaspace       used 34667K, capacity 35402K, committed 35496K, reserved 1079296K
  class space    used 4781K, capacity 4994K, committed 5032K, reserved 1048576K
}
Event: 6.468 GC heap before
{Heap before GC invocations=9 (full 2):
 PSYoungGen      total 114176K, used 100864K [0x00000000e0000000, 0x00000000e7c00000, 0x0000000100000000)
  eden space 100864K, 100% used [0x00000000e0000000,0x00000000e6280000,0x00000000e6280000)
  from space 13312K, 0% used [0x00000000e6f00000,0x00000000e6f00000,0x00000000e7c00000)
  to   space 12800K, 0% used [0x00000000e6280000,0x00000000e6280000,0x00000000e6f00000)
 ParOldGen       total 190464K, used 17049K [0x00000000a0000000, 0x00000000aba00000, 0x00000000e0000000)
  object space 190464K, 8% used [0x00000000a0000000,0x00000000a10a6490,0x00000000aba00000)
 Metaspace       used 45188K, capacity 46190K, committed 46376K, reserved 1089536K
  class space    used 6079K, capacity 6345K, committed 6440K, reserved 1048576K
Event: 6.478 GC heap after
Heap after GC invocations=9 (full 2):
 PSYoungGen      total 113664K, used 12773K [0x00000000e0000000, 0x00000000e9c80000, 0x0000000100000000)
  eden space 100864K, 0% used [0x00000000e0000000,0x00000000e0000000,0x00000000e6280000)
  from space 12800K, 99% used [0x00000000e6280000,0x00000000e6ef9710,0x00000000e6f00000)
  to   space 14848K, 0% used [0x00000000e8e00000,0x00000000e8e00000,0x00000000e9c80000)
 ParOldGen       total 190464K, used 17990K [0x00000000a0000000, 0x00000000aba00000, 0x00000000e0000000)
  object space 190464K, 9% used [0x00000000a0000000,0x00000000a11919a8,0x00000000aba00000)
 Metaspace       used 45188K, capacity 46190K, committed 46376K, reserved 1089536K
  class space    used 6079K, capacity 6345K, committed 6440K, reserved 1048576K
}
Event: 7.503 GC heap before
{Heap before GC invocations=10 (full 2):
 PSYoungGen      total 113664K, used 113637K [0x00000000e0000000, 0x00000000e9c80000, 0x0000000100000000)
  eden space 100864K, 100% used [0x00000000e0000000,0x00000000e6280000,0x00000000e6280000)
  from space 12800K, 99% used [0x00000000e6280000,0x00000000e6ef9710,0x00000000e6f00000)
  to   space 14848K, 0% used [0x00000000e8e00000,0x00000000e8e00000,0x00000000e9c80000)
 ParOldGen       total 190464K, used 17990K [0x00000000a0000000, 0x00000000aba00000, 0x00000000e0000000)
  object space 190464K, 9% used [0x00000000a0000000,0x00000000a11919a8,0x00000000aba00000)
 Metaspace       used 53537K, capacity 55034K, committed 55336K, reserved 1097728K
  class space    used 7227K, capacity 7614K, committed 7720K, reserved 1048576K
Event: 7.515 GC heap after
Heap after GC invocations=10 (full 2):
 PSYoungGen      total 142848K, used 14829K [0x00000000e0000000, 0x00000000ea200000, 0x0000000100000000)
  eden space 128000K, 0% used [0x00000000e0000000,0x00000000e0000000,0x00000000e7d00000)
  from space 14848K, 99% used [0x00000000e8e00000,0x00000000e9c7b740,0x00000000e9c80000)
  to   space 17408K, 0% used [0x00000000e7d00000,0x00000000e7d00000,0x00000000e8e00000)
 ParOldGen       total 190464K, used 20933K [0x00000000a0000000, 0x00000000aba00000, 0x00000000e0000000)
  object space 190464K, 10% used [0x00000000a0000000,0x00000000a1471680,0x00000000aba00000)
 Metaspace       used 53537K, capacity 55034K, committed 55336K, reserved 1097728K
  class space    used 7227K, capacity 7614K, committed 7720K, reserved 1048576K
}
Event: 8.038 GC heap before
{Heap before GC invocations=11 (full 2):
 PSYoungGen      total 142848K, used 70167K [0x00000000e0000000, 0x00000000ea200000, 0x0000000100000000)
  eden space 128000K, 43% used [0x00000000e0000000,0x00000000e360a738,0x00000000e7d00000)
  from space 14848K, 99% used [0x00000000e8e00000,0x00000000e9c7b740,0x00000000e9c80000)
  to   space 17408K, 0% used [0x00000000e7d00000,0x00000000e7d00000,0x00000000e8e00000)
 ParOldGen       total 190464K, used 20933K [0x00000000a0000000, 0x00000000aba00000, 0x00000000e0000000)
  object space 190464K, 10% used [0x00000000a0000000,0x00000000a1471680,0x00000000aba00000)
 Metaspace       used 57441K, capacity 59110K, committed 59160K, reserved 1099776K
  class space    used 7806K, capacity 8196K, committed 8232K, reserved 1048576K
Event: 8.053 GC heap after
Heap after GC invocations=11 (full 2):
 PSYoungGen      total 145408K, used 16740K [0x00000000e0000000, 0x00000000ebf00000, 0x0000000100000000)
  eden space 128000K, 0% used [0x00000000e0000000,0x00000000e0000000,0x00000000e7d00000)
  from space 17408K, 96% used [0x00000000e7d00000,0x00000000e8d59300,0x00000000e8e00000)
  to   space 19456K, 0% used [0x00000000eac00000,0x00000000eac00000,0x00000000ebf00000)
 ParOldGen       total 190464K, used 21005K [0x00000000a0000000, 0x00000000aba00000, 0x00000000e0000000)
  object space 190464K, 11% used [0x00000000a0000000,0x00000000a1483690,0x00000000aba00000)
 Metaspace       used 57441K, capacity 59110K, committed 59160K, reserved 1099776K
  class space    used 7806K, capacity 8196K, committed 8232K, reserved 1048576K
}
Event: 8.053 GC heap before
{Heap before GC invocations=12 (full 3):
 PSYoungGen      total 145408K, used 16740K [0x00000000e0000000, 0x00000000ebf00000, 0x0000000100000000)
  eden space 128000K, 0% used [0x00000000e0000000,0x00000000e0000000,0x00000000e7d00000)
  from space 17408K, 96% used [0x00000000e7d00000,0x00000000e8d59300,0x00000000e8e00000)
  to   space 19456K, 0% used [0x00000000eac00000,0x00000000eac00000,0x00000000ebf00000)
 ParOldGen       total 190464K, used 21005K [0x00000000a0000000, 0x00000000aba00000, 0x00000000e0000000)
  object space 190464K, 11% used [0x00000000a0000000,0x00000000a1483690,0x00000000aba00000)
 Metaspace       used 57441K, capacity 59110K, committed 59160K, reserved 1099776K
  class space    used 7806K, capacity 8196K, committed 8232K, reserved 1048576K

